c:\users\schloss\desktop\vs_vsearch\vsearch\vsearch\debug\vc140.pdb
c:\users\schloss\desktop\vs_vsearch\vsearch\vsearch\debug\vc140.idb
c:\users\schloss\desktop\vs_vsearch\vsearch\vsearch\debug\fastxdetect.obj
c:\users\schloss\desktop\vs_vsearch\vsearch\vsearch\debug\linmemalign.obj
c:\users\schloss\desktop\vs_vsearch\vsearch\vsearch\debug\maps.obj
c:\users\schloss\desktop\vs_vsearch\vsearch\vsearch\debug\mask.obj
c:\users\schloss\desktop\vs_vsearch\vsearch\vsearch\debug\mergepairs.obj
c:\users\schloss\desktop\vs_vsearch\vsearch\vsearch\debug\minheap.obj
c:\users\schloss\desktop\vs_vsearch\vsearch\vsearch\debug\msa.obj
c:\users\schloss\desktop\vs_vsearch\vsearch\vsearch\debug\results.obj
c:\users\schloss\desktop\vs_vsearch\vsearch\vsearch\debug\search.obj
c:\users\schloss\desktop\vs_vsearch\vsearch\vsearch\debug\searchcore.obj
c:\users\schloss\desktop\vs_vsearch\vsearch\vsearch\debug\searchexact.obj
c:\users\schloss\desktop\vs_vsearch\vsearch\vsearch\debug\showalign.obj
c:\users\schloss\desktop\vs_vsearch\vsearch\vsearch\debug\shuffle.obj
c:\users\schloss\desktop\vs_vsearch\vsearch\vsearch\debug\sortbylength.obj
c:\users\schloss\desktop\vs_vsearch\vsearch\vsearch\debug\sortbysize.obj
c:\users\schloss\desktop\vs_vsearch\vsearch\vsearch\debug\subsample.obj
c:\users\schloss\desktop\vs_vsearch\vsearch\vsearch\debug\unique.obj
c:\users\schloss\desktop\vs_vsearch\vsearch\vsearch\debug\userfields.obj
c:\users\schloss\desktop\vs_vsearch\vsearch\vsearch\debug\util.obj
c:\users\schloss\desktop\vs_vsearch\vsearch\vsearch\debug\vsearch.obj
c:\users\schloss\desktop\vs_vsearch\vsearch\vsearch\debug\abundance.obj
c:\users\schloss\desktop\vs_vsearch\vsearch\vsearch\debug\align.obj
c:\users\schloss\desktop\vs_vsearch\vsearch\vsearch\debug\align_simd.obj
c:\users\schloss\desktop\vs_vsearch\vsearch\vsearch\debug\allpairs.obj
c:\users\schloss\desktop\vs_vsearch\vsearch\vsearch\debug\arch.obj
c:\users\schloss\desktop\vs_vsearch\vsearch\vsearch\debug\bitmap.obj
c:\users\schloss\desktop\vs_vsearch\vsearch\vsearch\debug\chimera.obj
c:\users\schloss\desktop\vs_vsearch\vsearch\vsearch\debug\city.obj
c:\users\schloss\desktop\vs_vsearch\vsearch\vsearch\debug\cluster.obj
c:\users\schloss\desktop\vs_vsearch\vsearch\vsearch\debug\cpu.obj
c:\users\schloss\desktop\vs_vsearch\vsearch\vsearch\debug\db.obj
c:\users\schloss\desktop\vs_vsearch\vsearch\vsearch\debug\dbhash.obj
c:\users\schloss\desktop\vs_vsearch\vsearch\vsearch\debug\dbindex.obj
c:\users\schloss\desktop\vs_vsearch\vsearch\vsearch\debug\derep.obj
c:\users\schloss\desktop\vs_vsearch\vsearch\vsearch\debug\dynlibs.obj
c:\users\schloss\desktop\vs_vsearch\vsearch\vsearch\debug\fasta.obj
c:\users\schloss\desktop\vs_vsearch\vsearch\vsearch\debug\fastq.obj
c:\users\schloss\desktop\vs_vsearch\vsearch\vsearch\debug\fastqops.obj
c:\users\schloss\desktop\vs_vsearch\vsearch\vsearch\debug\fastx.obj
c:\users\schloss\desktop\vs_vsearch\vsearch\vsearch\debug\md5.obj
c:\users\schloss\desktop\vs_vsearch\vsearch\vsearch\debug\sha1.obj
c:\users\schloss\desktop\vs_vsearch\vsearch\debug\vsearch.ilk
c:\users\schloss\desktop\vs_vsearch\vsearch\debug\vsearch.exe
c:\users\schloss\desktop\vs_vsearch\vsearch\debug\vsearch.pdb
c:\users\schloss\desktop\vs_vsearch\vsearch\vsearch\debug\vsearch.res
c:\users\schloss\desktop\vs_vsearch\vsearch\vsearch\debug\vsearch.tlog\cl.command.1.tlog
c:\users\schloss\desktop\vs_vsearch\vsearch\vsearch\debug\vsearch.tlog\cl.read.1.tlog
c:\users\schloss\desktop\vs_vsearch\vsearch\vsearch\debug\vsearch.tlog\cl.write.1.tlog
c:\users\schloss\desktop\vs_vsearch\vsearch\vsearch\debug\vsearch.tlog\link.command.1.tlog
c:\users\schloss\desktop\vs_vsearch\vsearch\vsearch\debug\vsearch.tlog\link.read.1.tlog
c:\users\schloss\desktop\vs_vsearch\vsearch\vsearch\debug\vsearch.tlog\link.write.1.tlog
c:\users\schloss\desktop\vs_vsearch\vsearch\vsearch\debug\vsearch.tlog\rc.command.1.tlog
c:\users\schloss\desktop\vs_vsearch\vsearch\vsearch\debug\vsearch.tlog\rc.read.1.tlog
c:\users\schloss\desktop\vs_vsearch\vsearch\vsearch\debug\vsearch.tlog\rc.write.1.tlog
